[ 2017-11-30T09:38:26+08:00 ] 127.0.0.1 /favicon.ico
INFO: [ app_init ] --START--
INFO: Run Behavior\BuildLiteBehavior [ RunTime:0.000011s ]
INFO: [ app_init ] --END-- [ RunTime:0.000458s ]
ERR: 无法加载模块:Favicon

[ 2017-11-30T10:12:53+08:00 ] 127.0.0.1 /Public/css/images/favicon.png
INFO: [ app_init ] --START--
INFO: Run Behavior\BuildLiteBehavior [ RunTime:0.000021s ]
INFO: [ app_init ] --END-- [ RunTime:0.000389s ]
ERR: 无法加载模块:Public

[ 2017-11-30T10:21:34+08:00 ] 127.0.0.1 /house/page
INFO: [ app_init ] --START--
INFO: Run Behavior\BuildLiteBehavior [ RunTime:0.000020s ]
INFO: [ app_init ] --END-- [ RunTime:0.000752s ]
ERR: 无法加载模块:House

[ 2017-11-30T10:29:34+08:00 ] 127.0.0.1 /house
INFO: [ app_init ] --START--
INFO: Run Behavior\BuildLiteBehavior [ RunTime:0.000015s ]
INFO: [ app_init ] --END-- [ RunTime:0.000598s ]
ERR: 无法加载模块:House

[ 2017-11-30T10:29:40+08:00 ] 127.0.0.1 /house?sort=1
INFO: [ app_init ] --START--
INFO: Run Behavior\BuildLiteBehavior [ RunTime:0.000023s ]
INFO: [ app_init ] --END-- [ RunTime:0.000926s ]
ERR: 无法加载模块:House

[ 2017-11-30T10:56:15+08:00 ] 127.0.0.1 /UploadFolder/2016-03-17/2016031716405101169491.jpg
INFO: [ app_init ] --START--
INFO: Run Behavior\BuildLiteBehavior [ RunTime:0.000019s ]
INFO: [ app_init ] --END-- [ RunTime:0.000649s ]
ERR: 无法加载模块:UploadFolder

[ 2017-11-30T10:56:15+08:00 ] 127.0.0.1 /UploadFolder/2016-03-17/2016031716405102339491.jpg
INFO: [ app_init ] --START--
INFO: Run Behavior\BuildLiteBehavior [ RunTime:0.000017s ]
INFO: [ app_init ] --END-- [ RunTime:0.000577s ]
ERR: 无法加载模块:UploadFolder

[ 2017-11-30T10:56:15+08:00 ] 127.0.0.1 /UploadFolder/2016-03-17/2016031716405106535281.jpg
INFO: [ app_init ] --START--
INFO: Run Behavior\BuildLiteBehavior [ RunTime:0.000016s ]
INFO: [ app_init ] --END-- [ RunTime:0.000572s ]
ERR: 无法加载模块:UploadFolder

[ 2017-11-30T10:56:15+08:00 ] 127.0.0.1 /UploadFolder/2016-03-17/2016031716405103504115.jpg
INFO: [ app_init ] --START--
INFO: Run Behavior\BuildLiteBehavior [ RunTime:0.000016s ]
INFO: [ app_init ] --END-- [ RunTime:0.000588s ]
ERR: 无法加载模块:UploadFolder

[ 2017-11-30T10:56:15+08:00 ] 127.0.0.1 /UploadFolder/2016-03-17/2016031716405106535281.jpg
INFO: [ app_init ] --START--
INFO: Run Behavior\BuildLiteBehavior [ RunTime:0.000020s ]
INFO: [ app_init ] --END-- [ RunTime:0.000641s ]
ERR: 无法加载模块:UploadFolder

[ 2017-11-30T10:56:15+08:00 ] 127.0.0.1 /UploadFolder/2016-03-17/2016031716405101169491.jpg
INFO: [ app_init ] --START--
INFO: Run Behavior\BuildLiteBehavior [ RunTime:0.000020s ]
INFO: [ app_init ] --END-- [ RunTime:0.000674s ]
ERR: 无法加载模块:UploadFolder

[ 2017-11-30T10:56:18+08:00 ] 127.0.0.1 /Public/home/maps/swiper.min.js.map
INFO: [ app_init ] --START--
INFO: Run Behavior\BuildLiteBehavior [ RunTime:0.000022s ]
INFO: [ app_init ] --END-- [ RunTime:0.000612s ]
ERR: 无法加载模块:Public

[ 2017-11-30T11:11:06+08:00 ] 127.0.0.1 /Public/home/maps/swiper.min.js.map
INFO: [ app_init ] --START--
INFO: Run Behavior\BuildLiteBehavior [ RunTime:0.000021s ]
INFO: [ app_init ] --END-- [ RunTime:0.000732s ]
ERR: 无法加载模块:Public

[ 2017-11-30T11:13:45+08:00 ] 127.0.0.1 /Public/home/maps/swiper.min.js.map
INFO: [ app_init ] --START--
INFO: Run Behavior\BuildLiteBehavior [ RunTime:0.000023s ]
INFO: [ app_init ] --END-- [ RunTime:0.000641s ]
ERR: 无法加载模块:Public

[ 2017-11-30T11:14:30+08:00 ] 127.0.0.1 /Public/home/maps/swiper.min.js.map
INFO: [ app_init ] --START--
INFO: Run Behavior\BuildLiteBehavior [ RunTime:0.000032s ]
INFO: [ app_init ] --END-- [ RunTime:0.001044s ]
ERR: 无法加载模块:Public

[ 2017-11-30T11:15:02+08:00 ] 127.0.0.1 /Public/home/maps/swiper.min.js.map
INFO: [ app_init ] --START--
INFO: Run Behavior\BuildLiteBehavior [ RunTime:0.000016s ]
INFO: [ app_init ] --END-- [ RunTime:0.000462s ]
ERR: 无法加载模块:Public

[ 2017-11-30T11:18:55+08:00 ] 127.0.0.1 /Public/home/maps/swiper.min.js.map
INFO: [ app_init ] --START--
INFO: Run Behavior\BuildLiteBehavior [ RunTime:0.000018s ]
INFO: [ app_init ] --END-- [ RunTime:0.000607s ]
ERR: 无法加载模块:Public

[ 2017-11-30T11:25:18+08:00 ] 127.0.0.1 /Public/home/maps/swiper.min.js.map
INFO: [ app_init ] --START--
INFO: Run Behavior\BuildLiteBehavior [ RunTime:0.000021s ]
INFO: [ app_init ] --END-- [ RunTime:0.000720s ]
ERR: 无法加载模块:Public

[ 2017-11-30T11:33:01+08:00 ] 127.0.0.1 /Public/home/maps/swiper.min.js.map
INFO: [ app_init ] --START--
INFO: Run Behavior\BuildLiteBehavior [ RunTime:0.000021s ]
INFO: [ app_init ] --END-- [ RunTime:0.000751s ]
ERR: 无法加载模块:Public

[ 2017-11-30T11:51:51+08:00 ] 127.0.0.1 /App_Themes/Public/css/font-awesome.min.css
INFO: [ app_init ] --START--
INFO: Run Behavior\BuildLiteBehavior [ RunTime:0.000019s ]
INFO: [ app_init ] --END-- [ RunTime:0.000546s ]
ERR: 无法加载模块:App_Themes

[ 2017-11-30T11:51:51+08:00 ] 127.0.0.1 /JS/cms/js/all.js
INFO: [ app_init ] --START--
INFO: Run Behavior\BuildLiteBehavior [ RunTime:0.000020s ]
INFO: [ app_init ] --END-- [ RunTime:0.000688s ]
ERR: 无法加载模块:JS

[ 2017-11-30T11:51:51+08:00 ] 127.0.0.1 /JS/cms/js/jquery-1.10.2.min.js
INFO: [ app_init ] --START--
INFO: Run Behavior\BuildLiteBehavior [ RunTime:0.000034s ]
INFO: [ app_init ] --END-- [ RunTime:0.000935s ]
ERR: 无法加载模块:JS

[ 2017-11-30T11:51:51+08:00 ] 127.0.0.1 /App_Themes/Public/css/all.css
INFO: [ app_init ] --START--
INFO: Run Behavior\BuildLiteBehavior [ RunTime:0.000013s ]
INFO: [ app_init ] --END-- [ RunTime:0.000423s ]
ERR: 无法加载模块:App_Themes

[ 2017-11-30T11:51:51+08:00 ] 127.0.0.1 /JS/cms/js/all.js
INFO: [ app_init ] --START--
INFO: Run Behavior\BuildLiteBehavior [ RunTime:0.000013s ]
INFO: [ app_init ] --END-- [ RunTime:0.000420s ]
ERR: 无法加载模块:JS

[ 2017-11-30T11:51:51+08:00 ] 127.0.0.1 /JS/cms/plugins/jweixin-1.0.0.js
INFO: [ app_init ] --START--
INFO: Run Behavior\BuildLiteBehavior [ RunTime:0.000011s ]
INFO: [ app_init ] --END-- [ RunTime:0.000371s ]
ERR: 无法加载模块:JS

[ 2017-11-30T11:51:51+08:00 ] 127.0.0.1 /App_Themes/Public/image/logo.png
INFO: [ app_init ] --START--
INFO: Run Behavior\BuildLiteBehavior [ RunTime:0.000017s ]
INFO: [ app_init ] --END-- [ RunTime:0.000529s ]
ERR: 无法加载模块:App_Themes

[ 2017-11-30T11:51:51+08:00 ] 127.0.0.1 /App_Themes/Public/css/all.css
INFO: [ app_init ] --START--
INFO: Run Behavior\BuildLiteBehavior [ RunTime:0.000013s ]
INFO: [ app_init ] --END-- [ RunTime:0.000383s ]
ERR: 无法加载模块:App_Themes

[ 2017-11-30T11:51:51+08:00 ] 127.0.0.1 /JS/cms/plugins/jweixin-1.0.0.js
INFO: [ app_init ] --START--
INFO: Run Behavior\BuildLiteBehavior [ RunTime:0.000022s ]
INFO: [ app_init ] --END-- [ RunTime:0.000631s ]
ERR: 无法加载模块:JS

[ 2017-11-30T11:51:51+08:00 ] 127.0.0.1 /App_Themes/Public/image/baidumap.png
INFO: [ app_init ] --START--
INFO: Run Behavior\BuildLiteBehavior [ RunTime:0.000021s ]
INFO: [ app_init ] --END-- [ RunTime:0.000650s ]
ERR: 无法加载模块:App_Themes

[ 2017-11-30T11:52:43+08:00 ] 127.0.0.1 /App_Themes/Public/css/all.css
INFO: [ app_init ] --START--
INFO: Run Behavior\BuildLiteBehavior [ RunTime:0.000031s ]
INFO: [ app_init ] --END-- [ RunTime:0.000620s ]
ERR: 无法加载模块:App_Themes

[ 2017-11-30T11:52:43+08:00 ] 127.0.0.1 /App_Themes/Public/css/font-awesome.min.css
INFO: [ app_init ] --START--
INFO: Run Behavior\BuildLiteBehavior [ RunTime:0.000021s ]
INFO: [ app_init ] --END-- [ RunTime:0.000551s ]
ERR: 无法加载模块:App_Themes

[ 2017-11-30T11:52:47+08:00 ] 127.0.0.1 /App_Themes/Public/image/baidumap.png
INFO: [ app_init ] --START--
INFO: Run Behavior\BuildLiteBehavior [ RunTime:0.000020s ]
INFO: [ app_init ] --END-- [ RunTime:0.000694s ]
ERR: 无法加载模块:App_Themes

[ 2017-11-30T14:30:48+08:00 ] 127.0.0.1 /UploadFolder/2016-02-15/2016021513241834671513-438-233.jpg
INFO: [ app_init ] --START--
INFO: Run Behavior\BuildLiteBehavior [ RunTime:0.000026s ]
INFO: [ app_init ] --END-- [ RunTime:0.000759s ]
ERR: 无法加载模块:UploadFolder

[ 2017-11-30T14:31:26+08:00 ] 127.0.0.1 /UploadFolder/2016-02-15/2016021513241834671513-438-233.jpg
INFO: [ app_init ] --START--
INFO: Run Behavior\BuildLiteBehavior [ RunTime:0.000012s ]
INFO: [ app_init ] --END-- [ RunTime:0.000390s ]
ERR: 无法加载模块:UploadFolder

[ 2017-11-30T14:31:31+08:00 ] 127.0.0.1 /UploadFolder/2016-02-15/2016021513241834671513-438-233.jpg
INFO: [ app_init ] --START--
INFO: Run Behavior\BuildLiteBehavior [ RunTime:0.000013s ]
INFO: [ app_init ] --END-- [ RunTime:0.000406s ]
ERR: 无法加载模块:UploadFolder

[ 2017-11-30T14:31:33+08:00 ] 127.0.0.1 /UploadFolder/2016-02-15/2016021513241834671513-438-233.jpg
INFO: [ app_init ] --START--
INFO: Run Behavior\BuildLiteBehavior [ RunTime:0.000016s ]
INFO: [ app_init ] --END-- [ RunTime:0.000632s ]
ERR: 无法加载模块:UploadFolder

[ 2017-11-30T14:31:36+08:00 ] 127.0.0.1 /UploadFolder/2016-02-15/2016021513241834671513-438-233.jpg
INFO: [ app_init ] --START--
INFO: Run Behavior\BuildLiteBehavior [ RunTime:0.000016s ]
INFO: [ app_init ] --END-- [ RunTime:0.000488s ]
ERR: 无法加载模块:UploadFolder

[ 2017-11-30T14:31:37+08:00 ] 127.0.0.1 /UploadFolder/2016-02-15/2016021513241834671513-438-233.jpg
INFO: [ app_init ] --START--
INFO: Run Behavior\BuildLiteBehavior [ RunTime:0.000022s ]
INFO: [ app_init ] --END-- [ RunTime:0.000713s ]
ERR: 无法加载模块:UploadFolder

[ 2017-11-30T14:31:39+08:00 ] 127.0.0.1 /UploadFolder/2016-02-15/2016021513241834671513-438-233.jpg
INFO: [ app_init ] --START--
INFO: Run Behavior\BuildLiteBehavior [ RunTime:0.000013s ]
INFO: [ app_init ] --END-- [ RunTime:0.000410s ]
ERR: 无法加载模块:UploadFolder

[ 2017-11-30T14:31:54+08:00 ] 127.0.0.1 /UploadFolder/2016-02-15/2016021513241834671513-438-233.jpg
INFO: [ app_init ] --START--
INFO: Run Behavior\BuildLiteBehavior [ RunTime:0.000033s ]
INFO: [ app_init ] --END-- [ RunTime:0.000775s ]
ERR: 无法加载模块:UploadFolder

