[ 2017-12-01T10:06:27+08:00 ] 127.0.0.1 /Public/css/images/favicon.png
INFO: [ app_init ] --START--
INFO: Run Behavior\BuildLiteBehavior [ RunTime:0.000010s ]
INFO: [ app_init ] --END-- [ RunTime:0.000377s ]
ERR: 无法加载模块:Public

[ 2017-12-01T10:46:55+08:00 ] 127.0.0.1 /Public/images/photos/loggeduser@2x.png
INFO: [ app_init ] --START--
INFO: Run Behavior\BuildLiteBehavior [ RunTime:0.000020s ]
INFO: [ app_init ] --END-- [ RunTime:0.000700s ]
ERR: 无法加载模块:Public

[ 2017-12-01T10:47:29+08:00 ] 127.0.0.1 /Public/utf8_qiniu_ueditor/dialogs/image/oie4y017g.bkt.clouddn.com/2017-11-30_5a1fd701f36fb.jpg
INFO: [ app_init ] --START--
INFO: Run Behavior\BuildLiteBehavior [ RunTime:0.000022s ]
INFO: [ app_init ] --END-- [ RunTime:0.000809s ]
ERR: 无法加载模块:Public

[ 2017-12-01T10:47:29+08:00 ] 127.0.0.1 /Public/utf8_qiniu_ueditor/dialogs/image/oie4y017g.bkt.clouddn.com/2017-11-30_5a1fd8a5a5996.jpg
INFO: [ app_init ] --START--
INFO: Run Behavior\BuildLiteBehavior [ RunTime:0.000021s ]
INFO: [ app_init ] --END-- [ RunTime:0.001335s ]
ERR: 无法加载模块:Public

[ 2017-12-01T10:47:29+08:00 ] 127.0.0.1 /Public/utf8_qiniu_ueditor/dialogs/image/oie4y017g.bkt.clouddn.com/2017-11-30_5a1fdafb8d38f.jpg
INFO: [ app_init ] --START--
INFO: Run Behavior\BuildLiteBehavior [ RunTime:0.000016s ]
INFO: [ app_init ] --END-- [ RunTime:0.000594s ]
ERR: 无法加载模块:Public

[ 2017-12-01T10:47:29+08:00 ] 127.0.0.1 /Public/utf8_qiniu_ueditor/dialogs/image/oie4y017g.bkt.clouddn.com/2017-11-30_5a1fd91e6398b.jpg
INFO: [ app_init ] --START--
INFO: Run Behavior\BuildLiteBehavior [ RunTime:0.000016s ]
INFO: [ app_init ] --END-- [ RunTime:0.000604s ]
ERR: 无法加载模块:Public

[ 2017-12-01T10:47:29+08:00 ] 127.0.0.1 /Public/utf8_qiniu_ueditor/dialogs/image/oie4y017g.bkt.clouddn.com/2017-11-30_5a1fd7025a12f.jpg
INFO: [ app_init ] --START--
INFO: Run Behavior\BuildLiteBehavior [ RunTime:0.000014s ]
INFO: [ app_init ] --END-- [ RunTime:0.000621s ]
ERR: 无法加载模块:Public

[ 2017-12-01T10:47:29+08:00 ] 127.0.0.1 /Public/utf8_qiniu_ueditor/dialogs/image/oie4y017g.bkt.clouddn.com/2017-11-30_5a1fdafc13806.jpg
INFO: [ app_init ] --START--
INFO: Run Behavior\BuildLiteBehavior [ RunTime:0.000016s ]
INFO: [ app_init ] --END-- [ RunTime:0.000497s ]
ERR: 无法加载模块:Public

[ 2017-12-01T10:47:29+08:00 ] 127.0.0.1 /Public/utf8_qiniu_ueditor/dialogs/image/oie4y017g.bkt.clouddn.com/2017-11-30_5a1fd702a25f0.jpg
INFO: [ app_init ] --START--
INFO: Run Behavior\BuildLiteBehavior [ RunTime:0.000015s ]
INFO: [ app_init ] --END-- [ RunTime:0.000638s ]
ERR: 无法加载模块:Public

[ 2017-12-01T10:47:29+08:00 ] 127.0.0.1 /Public/utf8_qiniu_ueditor/dialogs/image/oie4y017g.bkt.clouddn.com/2017-11-30_5a1fdafbbf08d.jpg
INFO: [ app_init ] --START--
INFO: Run Behavior\BuildLiteBehavior [ RunTime:0.000025s ]
INFO: [ app_init ] --END-- [ RunTime:0.003088s ]
ERR: 无法加载模块:Public

[ 2017-12-01T10:47:29+08:00 ] 127.0.0.1 /Public/utf8_qiniu_ueditor/dialogs/image/oie4y017g.bkt.clouddn.com/2017-11-30_5a1fdafc6001f.jpg
INFO: [ app_init ] --START--
INFO: Run Behavior\BuildLiteBehavior [ RunTime:0.000011s ]
INFO: [ app_init ] --END-- [ RunTime:0.000353s ]
ERR: 无法加载模块:Public

[ 2017-12-01T10:51:55+08:00 ] 127.0.0.1 /Public/utf8_qiniu_ueditor/dialogs/image/oie4y017g.bkt.clouddn.com2017-11-30_5a1fd701f36fb.jpg
INFO: [ app_init ] --START--
INFO: Run Behavior\BuildLiteBehavior [ RunTime:0.000018s ]
INFO: [ app_init ] --END-- [ RunTime:0.001021s ]
ERR: 无法加载模块:Public

[ 2017-12-01T10:51:55+08:00 ] 127.0.0.1 /Public/utf8_qiniu_ueditor/dialogs/image/oie4y017g.bkt.clouddn.com2017-11-30_5a1fd8a5a5996.jpg
INFO: [ app_init ] --START--
INFO: Run Behavior\BuildLiteBehavior [ RunTime:0.000016s ]
INFO: [ app_init ] --END-- [ RunTime:0.000570s ]
ERR: 无法加载模块:Public

[ 2017-12-01T10:51:55+08:00 ] 127.0.0.1 /Public/utf8_qiniu_ueditor/dialogs/image/oie4y017g.bkt.clouddn.com2017-11-30_5a1fd91e6398b.jpg
INFO: [ app_init ] --START--
INFO: Run Behavior\BuildLiteBehavior [ RunTime:0.000016s ]
INFO: [ app_init ] --END-- [ RunTime:0.000568s ]
ERR: 无法加载模块:Public

[ 2017-12-01T10:51:55+08:00 ] 127.0.0.1 /Public/utf8_qiniu_ueditor/dialogs/image/oie4y017g.bkt.clouddn.com2017-11-30_5a1fd702a25f0.jpg
INFO: [ app_init ] --START--
INFO: Run Behavior\BuildLiteBehavior [ RunTime:0.000017s ]
INFO: [ app_init ] --END-- [ RunTime:0.000583s ]
ERR: 无法加载模块:Public

[ 2017-12-01T10:51:55+08:00 ] 127.0.0.1 /Public/utf8_qiniu_ueditor/dialogs/image/oie4y017g.bkt.clouddn.com2017-11-30_5a1fdafbbf08d.jpg
INFO: [ app_init ] --START--
INFO: Run Behavior\BuildLiteBehavior [ RunTime:0.000019s ]
INFO: [ app_init ] --END-- [ RunTime:0.000544s ]
ERR: 无法加载模块:Public

[ 2017-12-01T10:51:55+08:00 ] 127.0.0.1 /Public/utf8_qiniu_ueditor/dialogs/image/oie4y017g.bkt.clouddn.com2017-11-30_5a1fd7025a12f.jpg
INFO: [ app_init ] --START--
INFO: Run Behavior\BuildLiteBehavior [ RunTime:0.000014s ]
INFO: [ app_init ] --END-- [ RunTime:0.000510s ]
ERR: 无法加载模块:Public

[ 2017-12-01T10:51:55+08:00 ] 127.0.0.1 /Public/utf8_qiniu_ueditor/dialogs/image/oie4y017g.bkt.clouddn.com2017-11-30_5a1fdafb8d38f.jpg
INFO: [ app_init ] --START--
INFO: Run Behavior\BuildLiteBehavior [ RunTime:0.000011s ]
INFO: [ app_init ] --END-- [ RunTime:0.000385s ]
ERR: 无法加载模块:Public

[ 2017-12-01T10:51:55+08:00 ] 127.0.0.1 /Public/utf8_qiniu_ueditor/dialogs/image/oie4y017g.bkt.clouddn.com2017-11-30_5a1fdafc13806.jpg
INFO: [ app_init ] --START--
INFO: Run Behavior\BuildLiteBehavior [ RunTime:0.000011s ]
INFO: [ app_init ] --END-- [ RunTime:0.000359s ]
ERR: 无法加载模块:Public

[ 2017-12-01T10:51:55+08:00 ] 127.0.0.1 /Public/utf8_qiniu_ueditor/dialogs/image/oie4y017g.bkt.clouddn.com2017-11-30_5a1fdafc6001f.jpg
INFO: [ app_init ] --START--
INFO: Run Behavior\BuildLiteBehavior [ RunTime:0.000012s ]
INFO: [ app_init ] --END-- [ RunTime:0.000376s ]
ERR: 无法加载模块:Public

[ 2017-12-01T10:53:38+08:00 ] 127.0.0.1 /Public/images/photos/loggeduser@2x.png
INFO: [ app_init ] --START--
INFO: Run Behavior\BuildLiteBehavior [ RunTime:0.000014s ]
INFO: [ app_init ] --END-- [ RunTime:0.000612s ]
ERR: 无法加载模块:Public

[ 2017-12-01T10:54:17+08:00 ] 127.0.0.1 /Public/images/photos/loggeduser@2x.png
INFO: [ app_init ] --START--
INFO: Run Behavior\BuildLiteBehavior [ RunTime:0.000012s ]
INFO: [ app_init ] --END-- [ RunTime:0.000409s ]
ERR: 无法加载模块:Public

[ 2017-12-01T10:54:25+08:00 ] 127.0.0.1 /Public/utf8_qiniu_ueditor/dialogs/image/oie4y017g.bkt.clouddn.com2017-11-30_5a1fd91e6398b.jpg
INFO: [ app_init ] --START--
INFO: Run Behavior\BuildLiteBehavior [ RunTime:0.000022s ]
INFO: [ app_init ] --END-- [ RunTime:0.000913s ]
ERR: 无法加载模块:Public

[ 2017-12-01T10:54:25+08:00 ] 127.0.0.1 /Public/utf8_qiniu_ueditor/dialogs/image/oie4y017g.bkt.clouddn.com2017-11-30_5a1fd7025a12f.jpg
INFO: [ app_init ] --START--
INFO: Run Behavior\BuildLiteBehavior [ RunTime:0.000018s ]
INFO: [ app_init ] --END-- [ RunTime:0.001046s ]
ERR: 无法加载模块:Public

[ 2017-12-01T10:54:25+08:00 ] 127.0.0.1 /Public/utf8_qiniu_ueditor/dialogs/image/oie4y017g.bkt.clouddn.com2017-11-30_5a1fd701f36fb.jpg
INFO: [ app_init ] --START--
INFO: Run Behavior\BuildLiteBehavior [ RunTime:0.000014s ]
INFO: [ app_init ] --END-- [ RunTime:0.000576s ]
ERR: 无法加载模块:Public

[ 2017-12-01T10:54:25+08:00 ] 127.0.0.1 /Public/utf8_qiniu_ueditor/dialogs/image/oie4y017g.bkt.clouddn.com2017-11-30_5a1fd8a5a5996.jpg
INFO: [ app_init ] --START--
INFO: Run Behavior\BuildLiteBehavior [ RunTime:0.000015s ]
INFO: [ app_init ] --END-- [ RunTime:0.000783s ]
ERR: 无法加载模块:Public

[ 2017-12-01T10:54:25+08:00 ] 127.0.0.1 /Public/utf8_qiniu_ueditor/dialogs/image/oie4y017g.bkt.clouddn.com2017-11-30_5a1fd702a25f0.jpg
INFO: [ app_init ] --START--
INFO: Run Behavior\BuildLiteBehavior [ RunTime:0.000016s ]
INFO: [ app_init ] --END-- [ RunTime:0.000873s ]
ERR: 无法加载模块:Public

[ 2017-12-01T10:54:25+08:00 ] 127.0.0.1 /Public/utf8_qiniu_ueditor/dialogs/image/oie4y017g.bkt.clouddn.com2017-11-30_5a1fdafb8d38f.jpg
INFO: [ app_init ] --START--
INFO: Run Behavior\BuildLiteBehavior [ RunTime:0.000018s ]
INFO: [ app_init ] --END-- [ RunTime:0.000523s ]
ERR: 无法加载模块:Public

[ 2017-12-01T10:54:25+08:00 ] 127.0.0.1 /Public/utf8_qiniu_ueditor/dialogs/image/oie4y017g.bkt.clouddn.com2017-11-30_5a1fdafbbf08d.jpg
INFO: [ app_init ] --START--
INFO: Run Behavior\BuildLiteBehavior [ RunTime:0.000021s ]
INFO: [ app_init ] --END-- [ RunTime:0.000559s ]
ERR: 无法加载模块:Public

[ 2017-12-01T10:54:25+08:00 ] 127.0.0.1 /Public/utf8_qiniu_ueditor/dialogs/image/oie4y017g.bkt.clouddn.com2017-11-30_5a1fdafc6001f.jpg
INFO: [ app_init ] --START--
INFO: Run Behavior\BuildLiteBehavior [ RunTime:0.000018s ]
INFO: [ app_init ] --END-- [ RunTime:0.000604s ]
ERR: 无法加载模块:Public

[ 2017-12-01T10:54:25+08:00 ] 127.0.0.1 /Public/utf8_qiniu_ueditor/dialogs/image/oie4y017g.bkt.clouddn.com2017-11-30_5a1fdafc13806.jpg
INFO: [ app_init ] --START--
INFO: Run Behavior\BuildLiteBehavior [ RunTime:0.000016s ]
INFO: [ app_init ] --END-- [ RunTime:0.000606s ]
ERR: 无法加载模块:Public

[ 2017-12-01T10:56:45+08:00 ] 127.0.0.1 /Public/images/photos/loggeduser@2x.png
INFO: [ app_init ] --START--
INFO: Run Behavior\BuildLiteBehavior [ RunTime:0.000016s ]
INFO: [ app_init ] --END-- [ RunTime:0.000441s ]
ERR: 无法加载模块:Public

[ 2017-12-01T10:56:57+08:00 ] 127.0.0.1 /Public/utf8_qiniu_ueditor/dialogs/image/oie4y017g.bkt.clouddn.com2017-11-30_5a1fd91e6398b.jpg
INFO: [ app_init ] --START--
INFO: Run Behavior\BuildLiteBehavior [ RunTime:0.000017s ]
INFO: [ app_init ] --END-- [ RunTime:0.000553s ]
ERR: 无法加载模块:Public

[ 2017-12-01T10:56:57+08:00 ] 127.0.0.1 /Public/utf8_qiniu_ueditor/dialogs/image/oie4y017g.bkt.clouddn.com2017-11-30_5a1fd8a5a5996.jpg
INFO: [ app_init ] --START--
INFO: Run Behavior\BuildLiteBehavior [ RunTime:0.000017s ]
INFO: [ app_init ] --END-- [ RunTime:0.000573s ]
ERR: 无法加载模块:Public

[ 2017-12-01T10:56:57+08:00 ] 127.0.0.1 /Public/utf8_qiniu_ueditor/dialogs/image/oie4y017g.bkt.clouddn.com2017-11-30_5a1fd702a25f0.jpg
INFO: [ app_init ] --START--
INFO: Run Behavior\BuildLiteBehavior [ RunTime:0.000015s ]
INFO: [ app_init ] --END-- [ RunTime:0.000642s ]
ERR: 无法加载模块:Public

[ 2017-12-01T10:56:57+08:00 ] 127.0.0.1 /Public/utf8_qiniu_ueditor/dialogs/image/oie4y017g.bkt.clouddn.com2017-11-30_5a1fd7025a12f.jpg
INFO: [ app_init ] --START--
INFO: Run Behavior\BuildLiteBehavior [ RunTime:0.000018s ]
INFO: [ app_init ] --END-- [ RunTime:0.005711s ]
ERR: 无法加载模块:Public

[ 2017-12-01T10:56:57+08:00 ] 127.0.0.1 /Public/utf8_qiniu_ueditor/dialogs/image/oie4y017g.bkt.clouddn.com2017-11-30_5a1fdafc13806.jpg
INFO: [ app_init ] --START--
INFO: Run Behavior\BuildLiteBehavior [ RunTime:0.000017s ]
INFO: [ app_init ] --END-- [ RunTime:0.000533s ]
ERR: 无法加载模块:Public

[ 2017-12-01T10:56:57+08:00 ] 127.0.0.1 /Public/utf8_qiniu_ueditor/dialogs/image/oie4y017g.bkt.clouddn.com2017-11-30_5a1fdafc6001f.jpg
INFO: [ app_init ] --START--
INFO: Run Behavior\BuildLiteBehavior [ RunTime:0.000018s ]
INFO: [ app_init ] --END-- [ RunTime:0.000538s ]
ERR: 无法加载模块:Public

[ 2017-12-01T10:56:57+08:00 ] 127.0.0.1 /Public/utf8_qiniu_ueditor/dialogs/image/oie4y017g.bkt.clouddn.com2017-11-30_5a1fdafbbf08d.jpg
INFO: [ app_init ] --START--
INFO: Run Behavior\BuildLiteBehavior [ RunTime:0.000024s ]
INFO: [ app_init ] --END-- [ RunTime:0.001479s ]
ERR: 无法加载模块:Public

[ 2017-12-01T10:56:57+08:00 ] 127.0.0.1 /Public/utf8_qiniu_ueditor/dialogs/image/oie4y017g.bkt.clouddn.com2017-11-30_5a1fd701f36fb.jpg
INFO: [ app_init ] --START--
INFO: Run Behavior\BuildLiteBehavior [ RunTime:0.000023s ]
INFO: [ app_init ] --END-- [ RunTime:0.000724s ]
ERR: 无法加载模块:Public

[ 2017-12-01T10:56:57+08:00 ] 127.0.0.1 /Public/utf8_qiniu_ueditor/dialogs/image/oie4y017g.bkt.clouddn.com2017-11-30_5a1fdafb8d38f.jpg
INFO: [ app_init ] --START--
INFO: Run Behavior\BuildLiteBehavior [ RunTime:0.000024s ]
INFO: [ app_init ] --END-- [ RunTime:0.001021s ]
ERR: 无法加载模块:Public

[ 2017-12-01T10:58:47+08:00 ] 127.0.0.1 /Public/images/photos/loggeduser@2x.png
INFO: [ app_init ] --START--
INFO: Run Behavior\BuildLiteBehavior [ RunTime:0.000012s ]
INFO: [ app_init ] --END-- [ RunTime:0.000404s ]
ERR: 无法加载模块:Public

[ 2017-12-01T10:59:27+08:00 ] 127.0.0.1 /Public/images/photos/loggeduser@2x.png
INFO: [ app_init ] --START--
INFO: Run Behavior\BuildLiteBehavior [ RunTime:0.000012s ]
INFO: [ app_init ] --END-- [ RunTime:0.000410s ]
ERR: 无法加载模块:Public

[ 2017-12-01T10:59:31+08:00 ] 127.0.0.1 /Public/utf8_qiniu_ueditor/oie4y017g.bkt.clouddn.com/image.php?
INFO: [ app_init ] --START--
INFO: Run Behavior\BuildLiteBehavior [ RunTime:0.000013s ]
INFO: [ app_init ] --END-- [ RunTime:0.000615s ]
ERR: 无法加载模块:Public

[ 2017-12-01T11:00:03+08:00 ] 127.0.0.1 /Public/images/photos/loggeduser@2x.png
INFO: [ app_init ] --START--
INFO: Run Behavior\BuildLiteBehavior [ RunTime:0.000014s ]
INFO: [ app_init ] --END-- [ RunTime:0.000486s ]
ERR: 无法加载模块:Public

[ 2017-12-01T11:00:11+08:00 ] 127.0.0.1 /Public/images/photos/loggeduser@2x.png
INFO: [ app_init ] --START--
INFO: Run Behavior\BuildLiteBehavior [ RunTime:0.000012s ]
INFO: [ app_init ] --END-- [ RunTime:0.000393s ]
ERR: 无法加载模块:Public

[ 2017-12-01T11:01:52+08:00 ] 127.0.0.1 /Public/images/photos/loggeduser@2x.png
INFO: [ app_init ] --START--
INFO: Run Behavior\BuildLiteBehavior [ RunTime:0.000012s ]
INFO: [ app_init ] --END-- [ RunTime:0.000486s ]
ERR: 无法加载模块:Public

[ 2017-12-01T11:01:59+08:00 ] 127.0.0.1 /Public/utf8_qiniu_ueditor/dialogs/image/oie4y017g.bkt.clouddn.com/2017-11-30_5a1fd702a25f0.jpg
INFO: [ app_init ] --START--
INFO: Run Behavior\BuildLiteBehavior [ RunTime:0.000020s ]
INFO: [ app_init ] --END-- [ RunTime:0.000968s ]
ERR: 无法加载模块:Public

[ 2017-12-01T11:01:59+08:00 ] 127.0.0.1 /Public/utf8_qiniu_ueditor/dialogs/image/oie4y017g.bkt.clouddn.com/2017-11-30_5a1fd8a5a5996.jpg
INFO: [ app_init ] --START--
INFO: Run Behavior\BuildLiteBehavior [ RunTime:0.000018s ]
INFO: [ app_init ] --END-- [ RunTime:0.000965s ]
ERR: 无法加载模块:Public

[ 2017-12-01T11:01:59+08:00 ] 127.0.0.1 /Public/utf8_qiniu_ueditor/dialogs/image/oie4y017g.bkt.clouddn.com/2017-11-30_5a1fd7025a12f.jpg
INFO: [ app_init ] --START--
INFO: Run Behavior\BuildLiteBehavior [ RunTime:0.000017s ]
INFO: [ app_init ] --END-- [ RunTime:0.000597s ]
ERR: 无法加载模块:Public

[ 2017-12-01T11:01:59+08:00 ] 127.0.0.1 /Public/utf8_qiniu_ueditor/dialogs/image/oie4y017g.bkt.clouddn.com/2017-11-30_5a1fdafbbf08d.jpg
INFO: [ app_init ] --START--
INFO: Run Behavior\BuildLiteBehavior [ RunTime:0.000017s ]
INFO: [ app_init ] --END-- [ RunTime:0.000517s ]
ERR: 无法加载模块:Public

[ 2017-12-01T11:01:59+08:00 ] 127.0.0.1 /Public/utf8_qiniu_ueditor/dialogs/image/oie4y017g.bkt.clouddn.com/2017-11-30_5a1fd91e6398b.jpg
INFO: [ app_init ] --START--
INFO: Run Behavior\BuildLiteBehavior [ RunTime:0.000017s ]
INFO: [ app_init ] --END-- [ RunTime:0.000705s ]
ERR: 无法加载模块:Public

[ 2017-12-01T11:01:59+08:00 ] 127.0.0.1 /Public/utf8_qiniu_ueditor/dialogs/image/oie4y017g.bkt.clouddn.com/2017-11-30_5a1fdafb8d38f.jpg
INFO: [ app_init ] --START--
INFO: Run Behavior\BuildLiteBehavior [ RunTime:0.000016s ]
INFO: [ app_init ] --END-- [ RunTime:0.000584s ]
ERR: 无法加载模块:Public

[ 2017-12-01T11:01:59+08:00 ] 127.0.0.1 /Public/utf8_qiniu_ueditor/dialogs/image/oie4y017g.bkt.clouddn.com/2017-11-30_5a1fd701f36fb.jpg
INFO: [ app_init ] --START--
INFO: Run Behavior\BuildLiteBehavior [ RunTime:0.000017s ]
INFO: [ app_init ] --END-- [ RunTime:0.000718s ]
ERR: 无法加载模块:Public

[ 2017-12-01T11:01:59+08:00 ] 127.0.0.1 /Public/utf8_qiniu_ueditor/dialogs/image/oie4y017g.bkt.clouddn.com/2017-11-30_5a1fdafc6001f.jpg
INFO: [ app_init ] --START--
INFO: Run Behavior\BuildLiteBehavior [ RunTime:0.000017s ]
INFO: [ app_init ] --END-- [ RunTime:0.000555s ]
ERR: 无法加载模块:Public

[ 2017-12-01T11:01:59+08:00 ] 127.0.0.1 /Public/utf8_qiniu_ueditor/dialogs/image/oie4y017g.bkt.clouddn.com/2017-11-30_5a1fdafc13806.jpg
INFO: [ app_init ] --START--
INFO: Run Behavior\BuildLiteBehavior [ RunTime:0.000019s ]
INFO: [ app_init ] --END-- [ RunTime:0.005628s ]
ERR: 无法加载模块:Public

[ 2017-12-01T11:02:16+08:00 ] 127.0.0.1 /Public/images/photos/loggeduser@2x.png
INFO: [ app_init ] --START--
INFO: Run Behavior\BuildLiteBehavior [ RunTime:0.000019s ]
INFO: [ app_init ] --END-- [ RunTime:0.000648s ]
ERR: 无法加载模块:Public

[ 2017-12-01T11:02:22+08:00 ] 127.0.0.1 /Public/utf8_qiniu_ueditor/dialogs/image/oie4y017g.bkt.clouddn.com/2017-11-30_5a1fd701f36fb.jpg
INFO: [ app_init ] --START--
INFO: Run Behavior\BuildLiteBehavior [ RunTime:0.000029s ]
INFO: [ app_init ] --END-- [ RunTime:0.001433s ]
ERR: 无法加载模块:Public

[ 2017-12-01T11:02:22+08:00 ] 127.0.0.1 /Public/utf8_qiniu_ueditor/dialogs/image/oie4y017g.bkt.clouddn.com/2017-11-30_5a1fd7025a12f.jpg
INFO: [ app_init ] --START--
INFO: Run Behavior\BuildLiteBehavior [ RunTime:0.000027s ]
INFO: [ app_init ] --END-- [ RunTime:0.002062s ]
ERR: 无法加载模块:Public

[ 2017-12-01T11:02:22+08:00 ] 127.0.0.1 /Public/utf8_qiniu_ueditor/dialogs/image/oie4y017g.bkt.clouddn.com/2017-11-30_5a1fd91e6398b.jpg
INFO: [ app_init ] --START--
INFO: Run Behavior\BuildLiteBehavior [ RunTime:0.000016s ]
INFO: [ app_init ] --END-- [ RunTime:0.000536s ]
ERR: 无法加载模块:Public

[ 2017-12-01T11:02:22+08:00 ] 127.0.0.1 /Public/utf8_qiniu_ueditor/dialogs/image/oie4y017g.bkt.clouddn.com/2017-11-30_5a1fdafb8d38f.jpg
INFO: [ app_init ] --START--
INFO: Run Behavior\BuildLiteBehavior [ RunTime:0.000017s ]
INFO: [ app_init ] --END-- [ RunTime:0.000589s ]
ERR: 无法加载模块:Public

[ 2017-12-01T11:02:22+08:00 ] 127.0.0.1 /Public/utf8_qiniu_ueditor/dialogs/image/oie4y017g.bkt.clouddn.com/2017-11-30_5a1fdafbbf08d.jpg
INFO: [ app_init ] --START--
INFO: Run Behavior\BuildLiteBehavior [ RunTime:0.000018s ]
INFO: [ app_init ] --END-- [ RunTime:0.000608s ]
ERR: 无法加载模块:Public

[ 2017-12-01T11:02:22+08:00 ] 127.0.0.1 /Public/utf8_qiniu_ueditor/dialogs/image/oie4y017g.bkt.clouddn.com/2017-11-30_5a1fdafc13806.jpg
INFO: [ app_init ] --START--
INFO: Run Behavior\BuildLiteBehavior [ RunTime:0.000017s ]
INFO: [ app_init ] --END-- [ RunTime:0.000580s ]
ERR: 无法加载模块:Public

[ 2017-12-01T11:02:22+08:00 ] 127.0.0.1 /Public/utf8_qiniu_ueditor/dialogs/image/oie4y017g.bkt.clouddn.com/2017-11-30_5a1fd8a5a5996.jpg
INFO: [ app_init ] --START--
INFO: Run Behavior\BuildLiteBehavior [ RunTime:0.000022s ]
INFO: [ app_init ] --END-- [ RunTime:0.000756s ]
ERR: 无法加载模块:Public

[ 2017-12-01T11:02:23+08:00 ] 127.0.0.1 /Public/utf8_qiniu_ueditor/dialogs/image/oie4y017g.bkt.clouddn.com/2017-11-30_5a1fdafc6001f.jpg
INFO: [ app_init ] --START--
INFO: Run Behavior\BuildLiteBehavior [ RunTime:0.000011s ]
INFO: [ app_init ] --END-- [ RunTime:0.000491s ]
ERR: 无法加载模块:Public

[ 2017-12-01T11:06:00+08:00 ] 127.0.0.1 /Public/images/photos/loggeduser@2x.png
INFO: [ app_init ] --START--
INFO: Run Behavior\BuildLiteBehavior [ RunTime:0.000020s ]
INFO: [ app_init ] --END-- [ RunTime:0.000700s ]
ERR: 无法加载模块:Public

[ 2017-12-01T11:16:27+08:00 ] 127.0.0.1 /Public/css/images/favicon.png
INFO: [ app_init ] --START--
INFO: Run Behavior\BuildLiteBehavior [ RunTime:0.000010s ]
INFO: [ app_init ] --END-- [ RunTime:0.000337s ]
ERR: 无法加载模块:Public

[ 2017-12-01T11:19:16+08:00 ] 127.0.0.1 /Public/css/images/favicon.png
INFO: [ app_init ] --START--
INFO: Run Behavior\BuildLiteBehavior [ RunTime:0.000012s ]
INFO: [ app_init ] --END-- [ RunTime:0.000348s ]
ERR: 无法加载模块:Public

[ 2017-12-01T11:21:23+08:00 ] 127.0.0.1 /Public/css/images/favicon.png
INFO: [ app_init ] --START--
INFO: Run Behavior\BuildLiteBehavior [ RunTime:0.000011s ]
INFO: [ app_init ] --END-- [ RunTime:0.000357s ]
ERR: 无法加载模块:Public

[ 2017-12-01T11:30:16+08:00 ] 127.0.0.1 /Public/css/images/favicon.png
INFO: [ app_init ] --START--
INFO: Run Behavior\BuildLiteBehavior [ RunTime:0.000013s ]
INFO: [ app_init ] --END-- [ RunTime:0.000387s ]
ERR: 无法加载模块:Public

[ 2017-12-01T11:33:20+08:00 ] 127.0.0.1 /favicon.ico
INFO: [ app_init ] --START--
INFO: Run Behavior\BuildLiteBehavior [ RunTime:0.000013s ]
INFO: [ app_init ] --END-- [ RunTime:0.000474s ]
ERR: 无法加载模块:Favicon

[ 2017-12-01T11:34:21+08:00 ] 127.0.0.1 /Public/utf8_qiniu_ueditor/dialogs/image/oie4y017g.bkt.clouddn.com/2017-11-30_5a1fd702a25f0.jpg
INFO: [ app_init ] --START--
INFO: Run Behavior\BuildLiteBehavior [ RunTime:0.000015s ]
INFO: [ app_init ] --END-- [ RunTime:0.000662s ]
ERR: 无法加载模块:Public

[ 2017-12-01T11:34:21+08:00 ] 127.0.0.1 /Public/utf8_qiniu_ueditor/dialogs/image/oie4y017g.bkt.clouddn.com/2017-11-30_5a1fd8a5a5996.jpg
INFO: [ app_init ] --START--
INFO: Run Behavior\BuildLiteBehavior [ RunTime:0.000018s ]
INFO: [ app_init ] --END-- [ RunTime:0.000679s ]
ERR: 无法加载模块:Public

[ 2017-12-01T11:34:21+08:00 ] 127.0.0.1 /Public/utf8_qiniu_ueditor/dialogs/image/oie4y017g.bkt.clouddn.com/2017-11-30_5a1fd91e6398b.jpg
INFO: [ app_init ] --START--
INFO: Run Behavior\BuildLiteBehavior [ RunTime:0.000016s ]
INFO: [ app_init ] --END-- [ RunTime:0.000574s ]
ERR: 无法加载模块:Public

[ 2017-12-01T11:34:21+08:00 ] 127.0.0.1 /Public/utf8_qiniu_ueditor/dialogs/image/oie4y017g.bkt.clouddn.com/2017-11-30_5a1fd7025a12f.jpg
INFO: [ app_init ] --START--
INFO: Run Behavior\BuildLiteBehavior [ RunTime:0.000019s ]
INFO: [ app_init ] --END-- [ RunTime:0.000659s ]
ERR: 无法加载模块:Public

[ 2017-12-01T11:34:21+08:00 ] 127.0.0.1 /Public/utf8_qiniu_ueditor/dialogs/image/oie4y017g.bkt.clouddn.com/2017-11-30_5a1fd701f36fb.jpg
INFO: [ app_init ] --START--
INFO: Run Behavior\BuildLiteBehavior [ RunTime:0.000017s ]
INFO: [ app_init ] --END-- [ RunTime:0.000567s ]
ERR: 无法加载模块:Public

[ 2017-12-01T11:34:21+08:00 ] 127.0.0.1 /Public/utf8_qiniu_ueditor/dialogs/image/oie4y017g.bkt.clouddn.com/2017-11-30_5a1fdafbbf08d.jpg
INFO: [ app_init ] --START--
INFO: Run Behavior\BuildLiteBehavior [ RunTime:0.000017s ]
INFO: [ app_init ] --END-- [ RunTime:0.000472s ]
ERR: 无法加载模块:Public

[ 2017-12-01T11:34:21+08:00 ] 127.0.0.1 /Public/utf8_qiniu_ueditor/dialogs/image/oie4y017g.bkt.clouddn.com/2017-11-30_5a1fdafb8d38f.jpg
INFO: [ app_init ] --START--
INFO: Run Behavior\BuildLiteBehavior [ RunTime:0.000012s ]
INFO: [ app_init ] --END-- [ RunTime:0.000542s ]
ERR: 无法加载模块:Public

[ 2017-12-01T11:34:21+08:00 ] 127.0.0.1 /Public/utf8_qiniu_ueditor/dialogs/image/oie4y017g.bkt.clouddn.com/2017-11-30_5a1fdafc13806.jpg
INFO: [ app_init ] --START--
INFO: Run Behavior\BuildLiteBehavior [ RunTime:0.000017s ]
INFO: [ app_init ] --END-- [ RunTime:0.000715s ]
ERR: 无法加载模块:Public

[ 2017-12-01T11:34:21+08:00 ] 127.0.0.1 /Public/utf8_qiniu_ueditor/dialogs/image/oie4y017g.bkt.clouddn.com/2017-11-30_5a1fdafc6001f.jpg
INFO: [ app_init ] --START--
INFO: Run Behavior\BuildLiteBehavior [ RunTime:0.000015s ]
INFO: [ app_init ] --END-- [ RunTime:0.000521s ]
ERR: 无法加载模块:Public

[ 2017-12-01T11:34:21+08:00 ] 127.0.0.1 /Public/utf8_qiniu_ueditor/dialogs/image/oie4y017g.bkt.clouddn.com/2017-12-01_5a20cd13154cf.jpeg
INFO: [ app_init ] --START--
INFO: Run Behavior\BuildLiteBehavior [ RunTime:0.000016s ]
INFO: [ app_init ] --END-- [ RunTime:0.000495s ]
ERR: 无法加载模块:Public

[ 2017-12-01T11:34:21+08:00 ] 127.0.0.1 /Public/utf8_qiniu_ueditor/dialogs/image/oie4y017g.bkt.clouddn.com/IMG_20131230_235908.JPG
INFO: [ app_init ] --START--
INFO: Run Behavior\BuildLiteBehavior [ RunTime:0.000017s ]
INFO: [ app_init ] --END-- [ RunTime:0.000526s ]
ERR: 无法加载模块:Public

[ 2017-12-01T11:41:50+08:00 ] 127.0.0.1 /Public/images/photos/loggeduser@2x.png
INFO: [ app_init ] --START--
INFO: Run Behavior\BuildLiteBehavior [ RunTime:0.000022s ]
INFO: [ app_init ] --END-- [ RunTime:0.000769s ]
ERR: 无法加载模块:Public

[ 2017-12-01T11:42:23+08:00 ] 127.0.0.1 /Public/images/photos/loggeduser@2x.png
INFO: [ app_init ] --START--
INFO: Run Behavior\BuildLiteBehavior [ RunTime:0.000027s ]
INFO: [ app_init ] --END-- [ RunTime:0.001740s ]
ERR: 无法加载模块:Public

[ 2017-12-01T12:02:29+08:00 ] 127.0.0.1 /Public/utf8_qiniu_ueditor/oie4y017g.bkt.clouddn.com?
INFO: [ app_init ] --START--
INFO: Run Behavior\BuildLiteBehavior [ RunTime:0.000014s ]
INFO: [ app_init ] --END-- [ RunTime:0.000528s ]
ERR: 无法加载模块:Public

[ 2017-12-01T12:02:31+08:00 ] 127.0.0.1 /Public/utf8_qiniu_ueditor/oie4y017g.bkt.clouddn.com?
INFO: [ app_init ] --START--
INFO: Run Behavior\BuildLiteBehavior [ RunTime:0.000013s ]
INFO: [ app_init ] --END-- [ RunTime:0.000509s ]
ERR: 无法加载模块:Public

[ 2017-12-01T12:02:47+08:00 ] 127.0.0.1 /Public/utf8_qiniu_ueditor/oie4y017g.bkt.clouddn.com?
INFO: [ app_init ] --START--
INFO: Run Behavior\BuildLiteBehavior [ RunTime:0.000013s ]
INFO: [ app_init ] --END-- [ RunTime:0.000557s ]
ERR: 无法加载模块:Public

[ 2017-12-01T16:41:55+08:00 ] 127.0.0.1 /favicon.ico
INFO: [ app_init ] --START--
INFO: Run Behavior\BuildLiteBehavior [ RunTime:0.000012s ]
INFO: [ app_init ] --END-- [ RunTime:0.000446s ]
ERR: 无法加载模块:Favicon

[ 2017-12-01T16:43:54+08:00 ] 127.0.0.1 /fx.jpg
INFO: [ app_init ] --START--
INFO: Run Behavior\BuildLiteBehavior [ RunTime:0.000010s ]
INFO: [ app_init ] --END-- [ RunTime:0.000428s ]
ERR: 无法加载模块:Fx

[ 2017-12-01T16:47:10+08:00 ] 127.0.0.1 /Public/home/fx.png
INFO: [ app_init ] --START--
INFO: Run Behavior\BuildLiteBehavior [ RunTime:0.000152s ]
INFO: [ app_init ] --END-- [ RunTime:0.001056s ]
ERR: 无法加载模块:Public

