[ 2017-12-08T15:01:06+08:00 ] 127.0.0.1 /Home/corr/gywm/id/7
INFO: [ app_init ] --START--
INFO: Run Behavior\BuildLiteBehavior [ RunTime:0.000010s ]
INFO: [ app_init ] --END-- [ RunTime:0.000406s ]
INFO: [ app_begin ] --START--
INFO: Run Behavior\ReadHtmlCacheBehavior [ RunTime:0.000493s ]
INFO: [ app_begin ] --END-- [ RunTime:0.000530s ]
NOTIC: [2] file_get_contents(jsapi_ticket.php): failed to open stream: No such file or directory E:\fuchengguoji\Hakka\Home\Controller\jssdk.php 第 105 行.
NOTIC: [8] Trying to get property of non-object E:\fuchengguoji\Hakka\Home\Controller\jssdk.php 第 49 行.
NOTIC: [2] file_get_contents(access_token.php): failed to open stream: No such file or directory E:\fuchengguoji\Hakka\Home\Controller\jssdk.php 第 105 行.
NOTIC: [8] Trying to get property of non-object E:\fuchengguoji\Hakka\Home\Controller\jssdk.php 第 71 行.
NOTIC: [8] curl_setopt(): CURLOPT_SSL_VERIFYHOST no longer accepts the value 1, value 2 will be used instead E:\fuchengguoji\Hakka\Home\Controller\jssdk.php 第 95 行.
NOTIC: [8] Trying to get property of non-object E:\fuchengguoji\Hakka\Home\Controller\jssdk.php 第 76 行.
NOTIC: [8] curl_setopt(): CURLOPT_SSL_VERIFYHOST no longer accepts the value 1, value 2 will be used instead E:\fuchengguoji\Hakka\Home\Controller\jssdk.php 第 95 行.
NOTIC: [8] Trying to get property of non-object E:\fuchengguoji\Hakka\Home\Controller\jssdk.php 第 55 行.
NOTIC: [8] Undefined index: clid E:\fuchengguoji\Hakka\Home\Controller\CorrController.class.php 第 36 行.
SQL: SHOW COLUMNS FROM `hak_classs` [ RunTime:0.0874s ]
SQL: SELECT * FROM `hak_classs` WHERE `is_an` = 1  [ RunTime:0.0007s ]
SQL: SHOW COLUMNS FROM `hak_news` [ RunTime:0.0101s ]
SQL: SELECT * FROM `hak_news` WHERE `id` = 7 LIMIT 1   [ RunTime:0.0007s ]
SQL: SELECT * FROM `hak_news` WHERE `clas_id` = null ORDER BY sequencing desc LIMIT 0,10   [ RunTime:0.0006s ]
INFO: [ view_parse ] --START--
INFO: [ template_filter ] --START--
INFO: Run Behavior\ContentReplaceBehavior [ RunTime:0.000256s ]
INFO: [ template_filter ] --END-- [ RunTime:0.000418s ]
INFO: Run Behavior\ParseTemplateBehavior [ RunTime:0.121874s ]
INFO: [ view_parse ] --END-- [ RunTime:0.121985s ]
INFO: [ view_filter ] --START--
INFO: Run Behavior\WriteHtmlCacheBehavior [ RunTime:0.001266s ]
INFO: [ view_filter ] --END-- [ RunTime:0.001372s ]
INFO: [ app_end ] --START--
INFO: Run Behavior\ShowPageTraceBehavior [ RunTime:0.001789s ]
INFO: [ app_end ] --END-- [ RunTime:0.001907s ]

