[ 2017-12-06T11:57:37+08:00 ] 127.0.0.1 /Home/corr/gywm/id/7
INFO: [ app_init ] --START--
INFO: Run Behavior\BuildLiteBehavior [ RunTime:0.000015s ]
INFO: [ app_init ] --END-- [ RunTime:0.033475s ]
INFO: [ app_begin ] --START--
INFO: Run Behavior\ReadHtmlCacheBehavior [ RunTime:0.001744s ]
INFO: [ app_begin ] --END-- [ RunTime:0.001833s ]
NOTIC: [2] file_get_contents(jsapi_ticket.php): failed to open stream: No such file or directory E:\fuchengguoji\Hakka\Home\Controller\jssdk.php 第 105 行.
NOTIC: [8] Trying to get property of non-object E:\fuchengguoji\Hakka\Home\Controller\jssdk.php 第 49 行.
NOTIC: [2] file_get_contents(access_token.php): failed to open stream: No such file or directory E:\fuchengguoji\Hakka\Home\Controller\jssdk.php 第 105 行.
NOTIC: [8] Trying to get property of non-object E:\fuchengguoji\Hakka\Home\Controller\jssdk.php 第 71 行.
NOTIC: [8] curl_setopt(): CURLOPT_SSL_VERIFYHOST no longer accepts the value 1, value 2 will be used instead E:\fuchengguoji\Hakka\Home\Controller\jssdk.php 第 95 行.
NOTIC: [8] Trying to get property of non-object E:\fuchengguoji\Hakka\Home\Controller\jssdk.php 第 76 行.
NOTIC: [8] curl_setopt(): CURLOPT_SSL_VERIFYHOST no longer accepts the value 1, value 2 will be used instead E:\fuchengguoji\Hakka\Home\Controller\jssdk.php 第 95 行.
NOTIC: [8] Trying to get property of non-object E:\fuchengguoji\Hakka\Home\Controller\jssdk.php 第 55 行.
NOTIC: [8] Undefined index: clid E:\fuchengguoji\Hakka\Home\Controller\CorrController.class.php 第 36 行.
ERR: SQLSTATE[42S02]: Base table or view not found: 1146 Table 'bnb.classs' doesn't exist

[ 2017-12-06T11:57:56+08:00 ] 127.0.0.1 /Home/Cs/index
INFO: [ app_init ] --START--
INFO: Run Behavior\BuildLiteBehavior [ RunTime:0.000012s ]
INFO: [ app_init ] --END-- [ RunTime:0.000641s ]
INFO: [ app_begin ] --START--
INFO: Run Behavior\ReadHtmlCacheBehavior [ RunTime:0.000618s ]
INFO: [ app_begin ] --END-- [ RunTime:0.000663s ]
SQL: SHOW COLUMNS FROM `user` [ RunTime:0.0152s ]
SQL: SELECT * FROM `user`  [ RunTime:0.0010s ]
INFO: [ app_end ] --START--
INFO: Run Behavior\ShowPageTraceBehavior [ RunTime:0.025396s ]
INFO: [ app_end ] --END-- [ RunTime:0.025465s ]

[ 2017-12-06T11:58:03+08:00 ] 127.0.0.1 /Home/Cs/index
INFO: [ app_init ] --START--
INFO: Run Behavior\BuildLiteBehavior [ RunTime:0.000021s ]
INFO: [ app_init ] --END-- [ RunTime:0.000671s ]
INFO: [ app_begin ] --START--
INFO: Run Behavior\ReadHtmlCacheBehavior [ RunTime:0.000539s ]
INFO: [ app_begin ] --END-- [ RunTime:0.000580s ]
SQL: SHOW COLUMNS FROM `user` [ RunTime:0.0058s ]
SQL: SELECT * FROM `user`  [ RunTime:0.0003s ]
INFO: [ app_end ] --START--
INFO: Run Behavior\ShowPageTraceBehavior [ RunTime:0.000624s ]
INFO: [ app_end ] --END-- [ RunTime:0.000651s ]

[ 2017-12-06T12:00:02+08:00 ] 127.0.0.1 /Home/Cs/index
INFO: [ app_init ] --START--
INFO: Run Behavior\BuildLiteBehavior [ RunTime:0.000010s ]
INFO: [ app_init ] --END-- [ RunTime:0.000531s ]
INFO: [ app_begin ] --START--
INFO: Run Behavior\ReadHtmlCacheBehavior [ RunTime:0.000537s ]
INFO: [ app_begin ] --END-- [ RunTime:0.000572s ]
SQL: SHOW COLUMNS FROM `user` [ RunTime:0.0218s ]
SQL: SELECT * FROM `user`  [ RunTime:0.0026s ]

[ 2017-12-06T12:00:49+08:00 ] 127.0.0.1 /Home/Cs/index
INFO: [ app_init ] --START--
INFO: Run Behavior\BuildLiteBehavior [ RunTime:0.000011s ]
INFO: [ app_init ] --END-- [ RunTime:0.000446s ]
INFO: [ app_begin ] --START--
INFO: Run Behavior\ReadHtmlCacheBehavior [ RunTime:0.000530s ]
INFO: [ app_begin ] --END-- [ RunTime:0.000574s ]
SQL: SHOW COLUMNS FROM `user` [ RunTime:0.0168s ]
SQL: SELECT * FROM `user`  [ RunTime:0.0008s ]

[ 2017-12-06T12:01:16+08:00 ] 127.0.0.1 /Home/Cs/index
INFO: [ app_init ] --START--
INFO: Run Behavior\BuildLiteBehavior [ RunTime:0.000009s ]
INFO: [ app_init ] --END-- [ RunTime:0.000376s ]
INFO: [ app_begin ] --START--
INFO: Run Behavior\ReadHtmlCacheBehavior [ RunTime:0.000420s ]
INFO: [ app_begin ] --END-- [ RunTime:0.000452s ]
SQL: SHOW COLUMNS FROM `user` [ RunTime:0.0162s ]
SQL: SELECT * FROM `user`  [ RunTime:0.0007s ]

[ 2017-12-06T12:03:08+08:00 ] 127.0.0.1 /Home/Cs/index
INFO: [ app_init ] --START--
INFO: Run Behavior\BuildLiteBehavior [ RunTime:0.000009s ]
INFO: [ app_init ] --END-- [ RunTime:0.000408s ]
INFO: [ app_begin ] --START--
INFO: Run Behavior\ReadHtmlCacheBehavior [ RunTime:0.000506s ]
INFO: [ app_begin ] --END-- [ RunTime:0.000549s ]
SQL: SHOW COLUMNS FROM `user` [ RunTime:0.0223s ]
SQL: SELECT * FROM `user`  [ RunTime:0.0010s ]

